<?xml version="1.0" encoding="UTF-8"?>
<!-- Generated by org.testng.reporters.JUnitReportReporter -->
<testsuite hostname="DESKTOP-H0G30LJ" failures="0" tests="1" name="com.project.MavenExample" time="5.467" errors="0" timestamp="23 May 2018 01:11:38 GMT">
  <testcase classname="com.project.MavenExample" name="TestNew" time="5.467"/>
</testsuite> <!-- com.project.MavenExample -->
