<?xml version="1.0" encoding="UTF-8"?>
<!-- Generated by org.testng.reporters.JUnitReportReporter -->
<testsuite hostname="DESKTOP-H0G30LJ" failures="0" tests="1" name="com.project.MavenExample" time="4.109" errors="0" timestamp="12 May 2018 17:11:54 GMT">
  <testcase classname="com.project.MavenExample" name="TestNew" time="4.109"/>
</testsuite> <!-- com.project.MavenExample -->
